Sender: LSF System <lsfadmin@lt06>
Subject: Job 12014684: <run_asap> in cluster <lila> Done

Job <run_asap> was submitted from host <lilac-ln02> by user <sheen> in cluster <lila> at Wed Feb  5 03:10:49 2025
Job was executed on host(s) <lt06>, in queue <gpuqueue>, as user <sheen> in cluster <lila> at Wed Feb  5 04:31:13 2025
</home/sheen> was used as the home directory.
</lila/data/chodera/asap-restricted/POLARIS/asap-polaris-challenge-baselines/POSES/direct-docking-GNINA/input_folders/ligand_86> was used as the working directory.
Started at Wed Feb  5 04:31:13 2025
Terminated at Wed Feb  5 04:54:50 2025
Results reported at Wed Feb  5 04:54:50 2025

Your job looked like:

------------------------------------------------------------
# LSBATCH: User input
#BSUB -J run_asap
#BSUB -q gpuqueue
#BSUB -m lt-gpu
#BSUB -gpu "num=1:j_exclusive=yes:mode=shared"
#BSUB -n 1
#BSUB -W 2:00
#BSUB -oo docking_log.out
#BSUB -eo docking_log.err


source ~/.bashrc
module load cuda/12.2
module load singularity/3.2.0-rc1

cd $LS_SUBCWD
pwd

# network device info
ifconfig
ulimit -c 0

# we're running gnina  master:33846ee   Built Jul 24 2023.
singularity run --nv /data/chodera/shared/apptainers/gnina.sif gnina -r SARS-CoV-2-protein.pdb -l ligand_to_dock.sdf --autobox_ligand SARS-CoV-2-ligand-reference.sdf -o docked_SARS-CoV-2.sdf --exhaustiveness 64

singularity run --nv /data/chodera/shared/apptainers/gnina.sif gnina -r MERS-CoV-protein.pdb -l ligand_to_dock.sdf --autobox_ligand MERS-CoV-ligand-reference.sdf -o docked_MERS-CoV.sdf --exhaustiveness 64

echo Done
date

------------------------------------------------------------

Successfully completed.

Resource usage summary:

    CPU time :                                   1415.37 sec.
    Max Memory :                                 -
    Average Memory :                             -
    Total Requested Memory :                     2.00 GB
    Delta Memory :                               -
    Max Swap :                                   -
    Max Processes :                              6
    Max Threads :                                90
    Run time :                                   1417 sec.
    Turnaround time :                            6241 sec.

The output (if any) follows:

/lila/data/chodera/asap-restricted/POLARIS/asap-polaris-challenge-baselines/POSES/direct-docking-GNINA/input_folders/ligand_86
ens21f1: flags=4163<UP,BROADCAST,RUNNING,MULTICAST>  mtu 9000
        inet 10.230.2.226  netmask 255.255.0.0  broadcast 10.230.255.255
        inet6 fe80::526b:4bff:fe39:701b  prefixlen 64  scopeid 0x20<link>
        ether 50:6b:4b:39:70:1b  txqueuelen 1000  (Ethernet)
        RX packets 245646180911  bytes 1902827060705810 (1.6 PiB)
        RX errors 0  dropped 3991  overruns 0  frame 0
        TX packets 90353514037  bytes 180061718803048 (163.7 TiB)
        TX errors 0  dropped 0 overruns 0  carrier 0  collisions 0

lo: flags=73<UP,LOOPBACK,RUNNING>  mtu 65536
        inet 127.0.0.1  netmask 255.0.0.0
        inet6 ::1  prefixlen 128  scopeid 0x10<host>
        loop  txqueuelen 1000  (Local Loopback)
        RX packets 737328694  bytes 1985095273455 (1.8 TiB)
        RX errors 0  dropped 0  overruns 0  frame 0
        TX packets 737328694  bytes 1985095273455 (1.8 TiB)
        TX errors 0  dropped 0 overruns 0  carrier 0  collisions 0

              _             
             (_)            
   __ _ _ __  _ _ __   __ _ 
  / _` | '_ \| | '_ \ / _` |
 | (_| | | | | | | | | (_| |
  \__, |_| |_|_|_| |_|\__,_|
   __/ |                    
  |___/                     

gnina  master:33846ee   Built Jul 24 2023.
gnina is based on smina and AutoDock Vina.
Please cite appropriately.

Commandline: gnina -r SARS-CoV-2-protein.pdb -l ligand_to_dock.sdf --autobox_ligand SARS-CoV-2-ligand-reference.sdf -o docked_SARS-CoV-2.sdf --exhaustiveness 64
Using random seed: 1960711520

0%   10   20   30   40   50   60   70   80   90   100%
|----|----|----|----|----|----|----|----|----|----|
***************************************************
 | pose 0 | initial pose not within box

mode |  affinity  |    CNN     |   CNN
     | (kcal/mol) | pose score | affinity
-----+------------+------------+----------
    1       -9.01       0.2957      6.496
    2       -8.54       0.2665      6.489
    3       -8.05       0.2417      6.331
    4       -8.95       0.2369      6.178
    5       -8.06       0.1924      6.294
    6       -8.40       0.1784      6.416
    7       -9.32       0.1776      6.474
    8       -8.26       0.1756      6.024
    9       -9.56       0.1612      6.292
              _             
             (_)            
   __ _ _ __  _ _ __   __ _ 
  / _` | '_ \| | '_ \ / _` |
 | (_| | | | | | | | | (_| |
  \__, |_| |_|_|_| |_|\__,_|
   __/ |                    
  |___/                     

gnina  master:33846ee   Built Jul 24 2023.
gnina is based on smina and AutoDock Vina.
Please cite appropriately.

Commandline: gnina -r MERS-CoV-protein.pdb -l ligand_to_dock.sdf --autobox_ligand MERS-CoV-ligand-reference.sdf -o docked_MERS-CoV.sdf --exhaustiveness 64
Using random seed: 664107948

0%   10   20   30   40   50   60   70   80   90   100%
|----|----|----|----|----|----|----|----|----|----|
***************************************************
 | pose 0 | initial pose not within box

mode |  affinity  |    CNN     |   CNN
     | (kcal/mol) | pose score | affinity
-----+------------+------------+----------
    1       -9.10       0.4769      6.805
    2       -8.63       0.4259      6.631
    3       -9.80       0.3680      6.603
    4       -8.22       0.3606      6.602
    5       -9.00       0.3287      6.522
    6       -9.55       0.3064      6.749
    7       -8.55       0.2986      6.626
    8       -9.41       0.2971      6.799
    9       -8.75       0.2787      6.491
Done
Wed Feb  5 04:54:49 EST 2025


PS:

Read file <docking_log.err> for stderr output of this job.

