Sender: LSF System <lsfadmin@lt14>
Subject: Job 12014696: <run_asap> in cluster <lila> Done

Job <run_asap> was submitted from host <lilac-ln02> by user <sheen> in cluster <lila> at Wed Feb  5 03:10:50 2025
Job was executed on host(s) <lt14>, in queue <gpuqueue>, as user <sheen> in cluster <lila> at Wed Feb  5 04:35:17 2025
</home/sheen> was used as the home directory.
</lila/data/chodera/asap-restricted/POLARIS/asap-polaris-challenge-baselines/POSES/direct-docking-GNINA/input_folders/ligand_97> was used as the working directory.
Started at Wed Feb  5 04:35:17 2025
Terminated at Wed Feb  5 05:10:30 2025
Results reported at Wed Feb  5 05:10:30 2025

Your job looked like:

------------------------------------------------------------
# LSBATCH: User input
#BSUB -J run_asap
#BSUB -q gpuqueue
#BSUB -m lt-gpu
#BSUB -gpu "num=1:j_exclusive=yes:mode=shared"
#BSUB -n 1
#BSUB -W 2:00
#BSUB -oo docking_log.out
#BSUB -eo docking_log.err


source ~/.bashrc
module load cuda/12.2
module load singularity/3.2.0-rc1

cd $LS_SUBCWD
pwd

# network device info
ifconfig
ulimit -c 0

# we're running gnina  master:33846ee   Built Jul 24 2023.
singularity run --nv /data/chodera/shared/apptainers/gnina.sif gnina -r SARS-CoV-2-protein.pdb -l ligand_to_dock.sdf --autobox_ligand SARS-CoV-2-ligand-reference.sdf -o docked_SARS-CoV-2.sdf --exhaustiveness 64

singularity run --nv /data/chodera/shared/apptainers/gnina.sif gnina -r MERS-CoV-protein.pdb -l ligand_to_dock.sdf --autobox_ligand MERS-CoV-ligand-reference.sdf -o docked_MERS-CoV.sdf --exhaustiveness 64

echo Done
date

------------------------------------------------------------

Successfully completed.

Resource usage summary:

    CPU time :                                   2092.64 sec.
    Max Memory :                                 1 GB
    Average Memory :                             0.26 GB
    Total Requested Memory :                     2.00 GB
    Delta Memory :                               1.00 GB
    Max Swap :                                   -
    Max Processes :                              5
    Max Threads :                                87
    Run time :                                   2115 sec.
    Turnaround time :                            7180 sec.

The output (if any) follows:

/lila/data/chodera/asap-restricted/POLARIS/asap-polaris-challenge-baselines/POSES/direct-docking-GNINA/input_folders/ligand_97
ens11f1: flags=4163<UP,BROADCAST,RUNNING,MULTICAST>  mtu 9000
        inet 10.230.2.234  netmask 255.255.0.0  broadcast 10.230.255.255
        inet6 fe80::ee0d:9aff:fe97:8dc1  prefixlen 64  scopeid 0x20<link>
        ether ec:0d:9a:97:8d:c1  txqueuelen 1000  (Ethernet)
        RX packets 128525258193  bytes 1120621042161973 (1019.1 TiB)
        RX errors 0  dropped 3991  overruns 0  frame 0
        TX packets 29609255131  bytes 108778680540541 (98.9 TiB)
        TX errors 0  dropped 0 overruns 0  carrier 0  collisions 0

lo: flags=73<UP,LOOPBACK,RUNNING>  mtu 65536
        inet 127.0.0.1  netmask 255.0.0.0
        inet6 ::1  prefixlen 128  scopeid 0x10<host>
        loop  txqueuelen 1000  (Local Loopback)
        RX packets 650536525  bytes 259706660601 (241.8 GiB)
        RX errors 0  dropped 0  overruns 0  frame 0
        TX packets 650536525  bytes 259706660601 (241.8 GiB)
        TX errors 0  dropped 0 overruns 0  carrier 0  collisions 0

              _             
             (_)            
   __ _ _ __  _ _ __   __ _ 
  / _` | '_ \| | '_ \ / _` |
 | (_| | | | | | | | | (_| |
  \__, |_| |_|_|_| |_|\__,_|
   __/ |                    
  |___/                     

gnina  master:33846ee   Built Jul 24 2023.
gnina is based on smina and AutoDock Vina.
Please cite appropriately.

WARNING: No GPU detected. CNN scoring will be slow.
Recommend running with single model (--cnn crossdock_default2018)
or without cnn scoring (--cnn_scoring=none).

Commandline: gnina -r SARS-CoV-2-protein.pdb -l ligand_to_dock.sdf --autobox_ligand SARS-CoV-2-ligand-reference.sdf -o docked_SARS-CoV-2.sdf --exhaustiveness 64
Using random seed: 871360890

0%   10   20   30   40   50   60   70   80   90   100%
|----|----|----|----|----|----|----|----|----|----|
***************************************************
 | pose 0 | initial pose not within box

mode |  affinity  |    CNN     |   CNN
     | (kcal/mol) | pose score | affinity
-----+------------+------------+----------
    1       -7.15       0.7113      6.027
    2       -8.60       0.6668      6.463
    3       -7.54       0.6606      6.024
    4       -7.51       0.6507      6.209
    5       -7.59       0.6229      6.282
    6       -8.14       0.5855      6.114
    7       -7.45       0.4530      5.886
    8       -7.64       0.4191      6.029
    9       -7.93       0.4042      6.071
              _             
             (_)            
   __ _ _ __  _ _ __   __ _ 
  / _` | '_ \| | '_ \ / _` |
 | (_| | | | | | | | | (_| |
  \__, |_| |_|_|_| |_|\__,_|
   __/ |                    
  |___/                     

gnina  master:33846ee   Built Jul 24 2023.
gnina is based on smina and AutoDock Vina.
Please cite appropriately.

WARNING: No GPU detected. CNN scoring will be slow.
Recommend running with single model (--cnn crossdock_default2018)
or without cnn scoring (--cnn_scoring=none).

Commandline: gnina -r MERS-CoV-protein.pdb -l ligand_to_dock.sdf --autobox_ligand MERS-CoV-ligand-reference.sdf -o docked_MERS-CoV.sdf --exhaustiveness 64
Using random seed: 643525534

0%   10   20   30   40   50   60   70   80   90   100%
|----|----|----|----|----|----|----|----|----|----|
***************************************************
 | pose 0 | initial pose not within box
 | pose 0 | ligand outside box
 | pose 0 | ligand outside box
 | pose 0 | ligand outside box
 | pose 0 | ligand outside box
 | pose 0 | ligand outside box
 | pose 0 | initial pose not within box

mode |  affinity  |    CNN     |   CNN
     | (kcal/mol) | pose score | affinity
-----+------------+------------+----------
    1       -9.16       0.7782      6.814
    2       -8.64       0.7070      6.807
    3       -7.81       0.6238      6.536
    4       -8.12       0.6077      6.679
    5       -7.77       0.5286      6.384
    6       -7.66       0.5223      6.380
    7       -7.82       0.5051      6.298
    8       -7.58       0.4978      6.252
    9       -8.32       0.4836      6.421
Done
Wed Feb  5 05:10:30 EST 2025


PS:

Read file <docking_log.err> for stderr output of this job.

