Sender: LSF System <lsfadmin@lt14>
Subject: Job 12014648: <run_asap> in cluster <lila> Done

Job <run_asap> was submitted from host <lilac-ln02> by user <sheen> in cluster <lila> at Wed Feb  5 03:10:46 2025
Job was executed on host(s) <lt14>, in queue <gpuqueue>, as user <sheen> in cluster <lila> at Wed Feb  5 04:15:10 2025
</home/sheen> was used as the home directory.
</lila/data/chodera/asap-restricted/POLARIS/asap-polaris-challenge-baselines/POSES/direct-docking-GNINA/input_folders/ligand_55> was used as the working directory.
Started at Wed Feb  5 04:15:10 2025
Terminated at Wed Feb  5 05:01:55 2025
Results reported at Wed Feb  5 05:01:55 2025

Your job looked like:

------------------------------------------------------------
# LSBATCH: User input
#BSUB -J run_asap
#BSUB -q gpuqueue
#BSUB -m lt-gpu
#BSUB -gpu "num=1:j_exclusive=yes:mode=shared"
#BSUB -n 1
#BSUB -W 2:00
#BSUB -oo docking_log.out
#BSUB -eo docking_log.err


source ~/.bashrc
module load cuda/12.2
module load singularity/3.2.0-rc1

cd $LS_SUBCWD
pwd

# network device info
ifconfig
ulimit -c 0

# we're running gnina  master:33846ee   Built Jul 24 2023.
singularity run --nv /data/chodera/shared/apptainers/gnina.sif gnina -r SARS-CoV-2-protein.pdb -l ligand_to_dock.sdf --autobox_ligand SARS-CoV-2-ligand-reference.sdf -o docked_SARS-CoV-2.sdf --exhaustiveness 64

singularity run --nv /data/chodera/shared/apptainers/gnina.sif gnina -r MERS-CoV-protein.pdb -l ligand_to_dock.sdf --autobox_ligand MERS-CoV-ligand-reference.sdf -o docked_MERS-CoV.sdf --exhaustiveness 64

echo Done
date

------------------------------------------------------------

Successfully completed.

Resource usage summary:

    CPU time :                                   2781.76 sec.
    Max Memory :                                 1 GB
    Average Memory :                             0.20 GB
    Total Requested Memory :                     2.00 GB
    Delta Memory :                               1.00 GB
    Max Swap :                                   -
    Max Processes :                              5
    Max Threads :                                87
    Run time :                                   2806 sec.
    Turnaround time :                            6669 sec.

The output (if any) follows:

/lila/data/chodera/asap-restricted/POLARIS/asap-polaris-challenge-baselines/POSES/direct-docking-GNINA/input_folders/ligand_55
ens11f1: flags=4163<UP,BROADCAST,RUNNING,MULTICAST>  mtu 9000
        inet 10.230.2.234  netmask 255.255.0.0  broadcast 10.230.255.255
        inet6 fe80::ee0d:9aff:fe97:8dc1  prefixlen 64  scopeid 0x20<link>
        ether ec:0d:9a:97:8d:c1  txqueuelen 1000  (Ethernet)
        RX packets 128525225132  bytes 1120621035576373 (1019.1 TiB)
        RX errors 0  dropped 3991  overruns 0  frame 0
        TX packets 29609229993  bytes 108778611208876 (98.9 TiB)
        TX errors 0  dropped 0 overruns 0  carrier 0  collisions 0

lo: flags=73<UP,LOOPBACK,RUNNING>  mtu 65536
        inet 127.0.0.1  netmask 255.0.0.0
        inet6 ::1  prefixlen 128  scopeid 0x10<host>
        loop  txqueuelen 1000  (Local Loopback)
        RX packets 650525022  bytes 259703295459 (241.8 GiB)
        RX errors 0  dropped 0  overruns 0  frame 0
        TX packets 650525022  bytes 259703295459 (241.8 GiB)
        TX errors 0  dropped 0 overruns 0  carrier 0  collisions 0

              _             
             (_)            
   __ _ _ __  _ _ __   __ _ 
  / _` | '_ \| | '_ \ / _` |
 | (_| | | | | | | | | (_| |
  \__, |_| |_|_|_| |_|\__,_|
   __/ |                    
  |___/                     

gnina  master:33846ee   Built Jul 24 2023.
gnina is based on smina and AutoDock Vina.
Please cite appropriately.

WARNING: No GPU detected. CNN scoring will be slow.
Recommend running with single model (--cnn crossdock_default2018)
or without cnn scoring (--cnn_scoring=none).

Commandline: gnina -r SARS-CoV-2-protein.pdb -l ligand_to_dock.sdf --autobox_ligand SARS-CoV-2-ligand-reference.sdf -o docked_SARS-CoV-2.sdf --exhaustiveness 64
Using random seed: 1523277024

0%   10   20   30   40   50   60   70   80   90   100%
|----|----|----|----|----|----|----|----|----|----|
***************************************************
 | pose 0 | initial pose not within box

mode |  affinity  |    CNN     |   CNN
     | (kcal/mol) | pose score | affinity
-----+------------+------------+----------
    1       -8.07       0.7943      7.375
    2       -7.44       0.5878      6.813
    3       -7.21       0.4367      6.723
    4       -6.89       0.4251      6.647
    5       -7.05       0.4085      6.414
    6       -8.21       0.3919      6.502
    7       -8.12       0.3616      6.516
    8       -6.84       0.3354      6.513
    9       -6.82       0.3212      6.373
              _             
             (_)            
   __ _ _ __  _ _ __   __ _ 
  / _` | '_ \| | '_ \ / _` |
 | (_| | | | | | | | | (_| |
  \__, |_| |_|_|_| |_|\__,_|
   __/ |                    
  |___/                     

gnina  master:33846ee   Built Jul 24 2023.
gnina is based on smina and AutoDock Vina.
Please cite appropriately.

WARNING: No GPU detected. CNN scoring will be slow.
Recommend running with single model (--cnn crossdock_default2018)
or without cnn scoring (--cnn_scoring=none).

Commandline: gnina -r MERS-CoV-protein.pdb -l ligand_to_dock.sdf --autobox_ligand MERS-CoV-ligand-reference.sdf -o docked_MERS-CoV.sdf --exhaustiveness 64
Using random seed: 306611595

0%   10   20   30   40   50   60   70   80   90   100%
|----|----|----|----|----|----|----|----|----|----|
***************************************************
 | pose 0 | initial pose not within box

mode |  affinity  |    CNN     |   CNN
     | (kcal/mol) | pose score | affinity
-----+------------+------------+----------
    1       -9.10       0.7152      7.228
    2       -8.76       0.5648      6.921
    3       -8.20       0.4042      6.847
    4       -7.05       0.3781      6.441
    5       -7.70       0.3759      6.788
    6       -7.63       0.3626      6.615
    7       -7.10       0.3567      6.547
    8       -7.39       0.3307      6.466
    9       -8.17       0.2925      6.796
Done
Wed Feb  5 05:01:55 EST 2025


PS:

Read file <docking_log.err> for stderr output of this job.

