Sender: LSF System <lsfadmin@lt02>
Subject: Job 12014681: <run_asap> in cluster <lila> Done

Job <run_asap> was submitted from host <lilac-ln02> by user <sheen> in cluster <lila> at Wed Feb  5 03:10:48 2025
Job was executed on host(s) <lt02>, in queue <gpuqueue>, as user <sheen> in cluster <lila> at Wed Feb  5 04:30:41 2025
</home/sheen> was used as the home directory.
</lila/data/chodera/asap-restricted/POLARIS/asap-polaris-challenge-baselines/POSES/direct-docking-GNINA/input_folders/ligand_83> was used as the working directory.
Started at Wed Feb  5 04:30:41 2025
Terminated at Wed Feb  5 05:15:22 2025
Results reported at Wed Feb  5 05:15:22 2025

Your job looked like:

------------------------------------------------------------
# LSBATCH: User input
#BSUB -J run_asap
#BSUB -q gpuqueue
#BSUB -m lt-gpu
#BSUB -gpu "num=1:j_exclusive=yes:mode=shared"
#BSUB -n 1
#BSUB -W 2:00
#BSUB -oo docking_log.out
#BSUB -eo docking_log.err


source ~/.bashrc
module load cuda/12.2
module load singularity/3.2.0-rc1

cd $LS_SUBCWD
pwd

# network device info
ifconfig
ulimit -c 0

# we're running gnina  master:33846ee   Built Jul 24 2023.
singularity run --nv /data/chodera/shared/apptainers/gnina.sif gnina -r SARS-CoV-2-protein.pdb -l ligand_to_dock.sdf --autobox_ligand SARS-CoV-2-ligand-reference.sdf -o docked_SARS-CoV-2.sdf --exhaustiveness 64

singularity run --nv /data/chodera/shared/apptainers/gnina.sif gnina -r MERS-CoV-protein.pdb -l ligand_to_dock.sdf --autobox_ligand MERS-CoV-ligand-reference.sdf -o docked_MERS-CoV.sdf --exhaustiveness 64

echo Done
date

------------------------------------------------------------

Successfully completed.

Resource usage summary:

    CPU time :                                   2679.75 sec.
    Max Memory :                                 -
    Average Memory :                             -
    Total Requested Memory :                     2.00 GB
    Delta Memory :                               -
    Max Swap :                                   -
    Max Processes :                              5
    Max Threads :                                90
    Run time :                                   2681 sec.
    Turnaround time :                            7474 sec.

The output (if any) follows:

/lila/data/chodera/asap-restricted/POLARIS/asap-polaris-challenge-baselines/POSES/direct-docking-GNINA/input_folders/ligand_83
ens21f1: flags=4163<UP,BROADCAST,RUNNING,MULTICAST>  mtu 9000
        inet 10.230.2.222  netmask 255.255.0.0  broadcast 10.230.255.255
        inet6 fe80::526b:4bff:fe38:88f7  prefixlen 64  scopeid 0x20<link>
        ether 50:6b:4b:38:88:f7  txqueuelen 1000  (Ethernet)
        RX packets 153326304902  bytes 1269388417963164 (1.1 PiB)
        RX errors 0  dropped 3991  overruns 0  frame 0
        TX packets 51184012262  bytes 162129916029326 (147.4 TiB)
        TX errors 0  dropped 0 overruns 0  carrier 0  collisions 0

lo: flags=73<UP,LOOPBACK,RUNNING>  mtu 65536
        inet 127.0.0.1  netmask 255.0.0.0
        inet6 ::1  prefixlen 128  scopeid 0x10<host>
        loop  txqueuelen 1000  (Local Loopback)
        RX packets 870227281  bytes 1072787087428 (999.1 GiB)
        RX errors 0  dropped 0  overruns 0  frame 0
        TX packets 870227281  bytes 1072787087428 (999.1 GiB)
        TX errors 0  dropped 0 overruns 0  carrier 0  collisions 0

              _             
             (_)            
   __ _ _ __  _ _ __   __ _ 
  / _` | '_ \| | '_ \ / _` |
 | (_| | | | | | | | | (_| |
  \__, |_| |_|_|_| |_|\__,_|
   __/ |                    
  |___/                     

gnina  master:33846ee   Built Jul 24 2023.
gnina is based on smina and AutoDock Vina.
Please cite appropriately.

Commandline: gnina -r SARS-CoV-2-protein.pdb -l ligand_to_dock.sdf --autobox_ligand SARS-CoV-2-ligand-reference.sdf -o docked_SARS-CoV-2.sdf --exhaustiveness 64
Using random seed: -283172918

0%   10   20   30   40   50   60   70   80   90   100%
|----|----|----|----|----|----|----|----|----|----|
***************************************************
 | pose 0 | initial pose not within box

mode |  affinity  |    CNN     |   CNN
     | (kcal/mol) | pose score | affinity
-----+------------+------------+----------
    1       -8.00       0.3756      6.688
    2       -7.46       0.2737      6.790
    3       -7.61       0.2690      6.441
    4       -7.51       0.2677      6.568
    5       -7.24       0.2532      6.781
    6       -7.40       0.2200      6.470
    7       -7.52       0.1979      6.703
    8       -7.39       0.1638      6.501
    9       -7.10       0.1609      6.293
              _             
             (_)            
   __ _ _ __  _ _ __   __ _ 
  / _` | '_ \| | '_ \ / _` |
 | (_| | | | | | | | | (_| |
  \__, |_| |_|_|_| |_|\__,_|
   __/ |                    
  |___/                     

gnina  master:33846ee   Built Jul 24 2023.
gnina is based on smina and AutoDock Vina.
Please cite appropriately.

Commandline: gnina -r MERS-CoV-protein.pdb -l ligand_to_dock.sdf --autobox_ligand MERS-CoV-ligand-reference.sdf -o docked_MERS-CoV.sdf --exhaustiveness 64
Using random seed: -320638720

0%   10   20   30   40   50   60   70   80   90   100%
|----|----|----|----|----|----|----|----|----|----|
***************************************************
 | pose 0 | initial pose not within box
 | pose 0 | ligand outside box
 | pose 0 | ligand outside box
 | pose 0 | ligand outside box
 | pose 0 | ligand outside box
 | pose 0 | ligand outside box
 | pose 0 | initial pose not within box

mode |  affinity  |    CNN     |   CNN
     | (kcal/mol) | pose score | affinity
-----+------------+------------+----------
    1       -9.26       0.2936      7.092
    2       -7.37       0.2527      6.652
    3       -8.52       0.2289      6.821
    4       -7.52       0.2285      6.808
    5       -7.23       0.2069      6.475
    6       -8.04       0.1964      6.918
    7       -9.39       0.1921      7.008
    8       -8.01       0.1702      6.891
    9       -8.69       0.1590      6.787
Done
Wed Feb  5 05:15:21 EST 2025


PS:

Read file <docking_log.err> for stderr output of this job.

