Sender: LSF System <lsfadmin@lt14>
Subject: Job 12014521: <run_asap> in cluster <lila> Done

Job <run_asap> was submitted from host <lilac-ln02> by user <sheen> in cluster <lila> at Wed Feb  5 03:10:38 2025
Job was executed on host(s) <lt14>, in queue <gpuqueue>, as user <sheen> in cluster <lila> at Wed Feb  5 03:29:34 2025
</home/sheen> was used as the home directory.
</lila/data/chodera/asap-restricted/POLARIS/asap-polaris-challenge-baselines/POSES/direct-docking-GNINA/input_folders/ligand_117> was used as the working directory.
Started at Wed Feb  5 03:29:34 2025
Terminated at Wed Feb  5 04:20:59 2025
Results reported at Wed Feb  5 04:20:59 2025

Your job looked like:

------------------------------------------------------------
# LSBATCH: User input
#BSUB -J run_asap
#BSUB -q gpuqueue
#BSUB -m lt-gpu
#BSUB -gpu "num=1:j_exclusive=yes:mode=shared"
#BSUB -n 1
#BSUB -W 2:00
#BSUB -oo docking_log.out
#BSUB -eo docking_log.err


source ~/.bashrc
module load cuda/12.2
module load singularity/3.2.0-rc1

cd $LS_SUBCWD
pwd

# network device info
ifconfig
ulimit -c 0

# we're running gnina  master:33846ee   Built Jul 24 2023.
singularity run --nv /data/chodera/shared/apptainers/gnina.sif gnina -r SARS-CoV-2-protein.pdb -l ligand_to_dock.sdf --autobox_ligand SARS-CoV-2-ligand-reference.sdf -o docked_SARS-CoV-2.sdf --exhaustiveness 64

singularity run --nv /data/chodera/shared/apptainers/gnina.sif gnina -r MERS-CoV-protein.pdb -l ligand_to_dock.sdf --autobox_ligand MERS-CoV-ligand-reference.sdf -o docked_MERS-CoV.sdf --exhaustiveness 64

echo Done
date

------------------------------------------------------------

Successfully completed.

Resource usage summary:

    CPU time :                                   3060.53 sec.
    Max Memory :                                 1 GB
    Average Memory :                             0.21 GB
    Total Requested Memory :                     2.00 GB
    Delta Memory :                               1.00 GB
    Max Swap :                                   -
    Max Processes :                              5
    Max Threads :                                87
    Run time :                                   3085 sec.
    Turnaround time :                            4221 sec.

The output (if any) follows:

/lila/data/chodera/asap-restricted/POLARIS/asap-polaris-challenge-baselines/POSES/direct-docking-GNINA/input_folders/ligand_117
ens11f1: flags=4163<UP,BROADCAST,RUNNING,MULTICAST>  mtu 9000
        inet 10.230.2.234  netmask 255.255.0.0  broadcast 10.230.255.255
        inet6 fe80::ee0d:9aff:fe97:8dc1  prefixlen 64  scopeid 0x20<link>
        ether ec:0d:9a:97:8d:c1  txqueuelen 1000  (Ethernet)
        RX packets 128525149340  bytes 1120621021851974 (1019.1 TiB)
        RX errors 0  dropped 3991  overruns 0  frame 0
        TX packets 29609179040  bytes 108778521094807 (98.9 TiB)
        TX errors 0  dropped 0 overruns 0  carrier 0  collisions 0

lo: flags=73<UP,LOOPBACK,RUNNING>  mtu 65536
        inet 127.0.0.1  netmask 255.0.0.0
        inet6 ::1  prefixlen 128  scopeid 0x10<host>
        loop  txqueuelen 1000  (Local Loopback)
        RX packets 650498921  bytes 259695623989 (241.8 GiB)
        RX errors 0  dropped 0  overruns 0  frame 0
        TX packets 650498921  bytes 259695623989 (241.8 GiB)
        TX errors 0  dropped 0 overruns 0  carrier 0  collisions 0

              _             
             (_)            
   __ _ _ __  _ _ __   __ _ 
  / _` | '_ \| | '_ \ / _` |
 | (_| | | | | | | | | (_| |
  \__, |_| |_|_|_| |_|\__,_|
   __/ |                    
  |___/                     

gnina  master:33846ee   Built Jul 24 2023.
gnina is based on smina and AutoDock Vina.
Please cite appropriately.

WARNING: No GPU detected. CNN scoring will be slow.
Recommend running with single model (--cnn crossdock_default2018)
or without cnn scoring (--cnn_scoring=none).

Commandline: gnina -r SARS-CoV-2-protein.pdb -l ligand_to_dock.sdf --autobox_ligand SARS-CoV-2-ligand-reference.sdf -o docked_SARS-CoV-2.sdf --exhaustiveness 64
Using random seed: 1282014176

0%   10   20   30   40   50   60   70   80   90   100%
|----|----|----|----|----|----|----|----|----|----|
***************************************************
 | pose 0 | initial pose not within box

mode |  affinity  |    CNN     |   CNN
     | (kcal/mol) | pose score | affinity
-----+------------+------------+----------
    1       -7.85       0.6723      6.978
    2       -7.75       0.3539      6.678
    3       -7.39       0.3508      6.846
    4       -8.03       0.2809      6.825
    5       -7.50       0.2158      6.531
    6       -6.92       0.1976      6.465
    7       -7.60       0.1889      6.300
    8       -7.96       0.1683      6.306
    9       -7.72       0.1661      6.361
              _             
             (_)            
   __ _ _ __  _ _ __   __ _ 
  / _` | '_ \| | '_ \ / _` |
 | (_| | | | | | | | | (_| |
  \__, |_| |_|_|_| |_|\__,_|
   __/ |                    
  |___/                     

gnina  master:33846ee   Built Jul 24 2023.
gnina is based on smina and AutoDock Vina.
Please cite appropriately.

WARNING: No GPU detected. CNN scoring will be slow.
Recommend running with single model (--cnn crossdock_default2018)
or without cnn scoring (--cnn_scoring=none).

Commandline: gnina -r MERS-CoV-protein.pdb -l ligand_to_dock.sdf --autobox_ligand MERS-CoV-ligand-reference.sdf -o docked_MERS-CoV.sdf --exhaustiveness 64
Using random seed: -782589740

0%   10   20   30   40   50   60   70   80   90   100%
|----|----|----|----|----|----|----|----|----|----|
***************************************************
 | pose 0 | initial pose not within box

mode |  affinity  |    CNN     |   CNN
     | (kcal/mol) | pose score | affinity
-----+------------+------------+----------
    1       -7.84       0.3021      7.059
    2       -9.40       0.2384      6.976
    3       -9.00       0.1867      6.809
    4       -8.62       0.1815      6.823
    5       -8.70       0.1600      7.147
    6       -8.19       0.1579      6.888
    7       -7.71       0.1226      6.743
    8       -7.81       0.1212      6.890
    9       -8.47       0.1094      6.781
Done
Wed Feb  5 04:20:59 EST 2025


PS:

Read file <docking_log.err> for stderr output of this job.

