Sender: LSF System <lsfadmin@lt07>
Subject: Job 12014501: <run_asap> in cluster <lila> Done

Job <run_asap> was submitted from host <lilac-ln02> by user <sheen> in cluster <lila> at Wed Feb  5 03:10:36 2025
Job was executed on host(s) <lt07>, in queue <gpuqueue>, as user <sheen> in cluster <lila> at Wed Feb  5 03:10:38 2025
</home/sheen> was used as the home directory.
</lila/data/chodera/asap-restricted/POLARIS/asap-polaris-challenge-baselines/POSES/direct-docking-GNINA/input_folders/ligand_1> was used as the working directory.
Started at Wed Feb  5 03:10:38 2025
Terminated at Wed Feb  5 03:34:17 2025
Results reported at Wed Feb  5 03:34:17 2025

Your job looked like:

------------------------------------------------------------
# LSBATCH: User input
#BSUB -J run_asap
#BSUB -q gpuqueue
#BSUB -m lt-gpu
#BSUB -gpu "num=1:j_exclusive=yes:mode=shared"
#BSUB -n 1
#BSUB -W 2:00
#BSUB -oo docking_log.out
#BSUB -eo docking_log.err


source ~/.bashrc
module load cuda/12.2
module load singularity/3.2.0-rc1

cd $LS_SUBCWD
pwd

# network device info
ifconfig
ulimit -c 0

# we're running gnina  master:33846ee   Built Jul 24 2023.
singularity run --nv /data/chodera/shared/apptainers/gnina.sif gnina -r SARS-CoV-2-protein.pdb -l ligand_to_dock.sdf --autobox_ligand SARS-CoV-2-ligand-reference.sdf -o docked_SARS-CoV-2.sdf --exhaustiveness 64

singularity run --nv /data/chodera/shared/apptainers/gnina.sif gnina -r MERS-CoV-protein.pdb -l ligand_to_dock.sdf --autobox_ligand MERS-CoV-ligand-reference.sdf -o docked_MERS-CoV.sdf --exhaustiveness 64

echo Done
date

------------------------------------------------------------

Successfully completed.

Resource usage summary:

    CPU time :                                   1413.05 sec.
    Max Memory :                                 -
    Average Memory :                             -
    Total Requested Memory :                     2.00 GB
    Delta Memory :                               -
    Max Swap :                                   -
    Max Processes :                              5
    Max Threads :                                90
    Run time :                                   1420 sec.
    Turnaround time :                            1421 sec.

The output (if any) follows:

/lila/data/chodera/asap-restricted/POLARIS/asap-polaris-challenge-baselines/POSES/direct-docking-GNINA/input_folders/ligand_1
ens11f1: flags=4163<UP,BROADCAST,RUNNING,MULTICAST>  mtu 9000
        inet 10.230.2.227  netmask 255.255.0.0  broadcast 10.230.255.255
        inet6 fe80::526b:4bff:fe39:706b  prefixlen 64  scopeid 0x20<link>
        ether 50:6b:4b:39:70:6b  txqueuelen 1000  (Ethernet)
        RX packets 292847669414  bytes 2579325160170712 (2.2 PiB)
        RX errors 0  dropped 3991  overruns 0  frame 0
        TX packets 65956214780  bytes 163071393522533 (148.3 TiB)
        TX errors 0  dropped 0 overruns 0  carrier 0  collisions 0

lo: flags=73<UP,LOOPBACK,RUNNING>  mtu 65536
        inet 127.0.0.1  netmask 255.0.0.0
        inet6 ::1  prefixlen 128  scopeid 0x10<host>
        loop  txqueuelen 1000  (Local Loopback)
        RX packets 462264905  bytes 847247566464 (789.0 GiB)
        RX errors 0  dropped 0  overruns 0  frame 0
        TX packets 462264905  bytes 847247566464 (789.0 GiB)
        TX errors 0  dropped 0 overruns 0  carrier 0  collisions 0

              _             
             (_)            
   __ _ _ __  _ _ __   __ _ 
  / _` | '_ \| | '_ \ / _` |
 | (_| | | | | | | | | (_| |
  \__, |_| |_|_|_| |_|\__,_|
   __/ |                    
  |___/                     

gnina  master:33846ee   Built Jul 24 2023.
gnina is based on smina and AutoDock Vina.
Please cite appropriately.

Commandline: gnina -r SARS-CoV-2-protein.pdb -l ligand_to_dock.sdf --autobox_ligand SARS-CoV-2-ligand-reference.sdf -o docked_SARS-CoV-2.sdf --exhaustiveness 64
Using random seed: -1626263912

0%   10   20   30   40   50   60   70   80   90   100%
|----|----|----|----|----|----|----|----|----|----|
***************************************************
 | pose 0 | initial pose not within box

mode |  affinity  |    CNN     |   CNN
     | (kcal/mol) | pose score | affinity
-----+------------+------------+----------
    1       -7.55       0.6121      6.080
    2       -7.60       0.5977      6.017
    3       -7.21       0.5223      6.010
    4       -7.45       0.4321      5.959
    5       -7.99       0.3673      5.949
    6       -7.86       0.3281      5.706
    7       -7.63       0.3265      5.839
    8       -7.70       0.3191      5.716
    9       -7.62       0.2988      5.924
              _             
             (_)            
   __ _ _ __  _ _ __   __ _ 
  / _` | '_ \| | '_ \ / _` |
 | (_| | | | | | | | | (_| |
  \__, |_| |_|_|_| |_|\__,_|
   __/ |                    
  |___/                     

gnina  master:33846ee   Built Jul 24 2023.
gnina is based on smina and AutoDock Vina.
Please cite appropriately.

Commandline: gnina -r MERS-CoV-protein.pdb -l ligand_to_dock.sdf --autobox_ligand MERS-CoV-ligand-reference.sdf -o docked_MERS-CoV.sdf --exhaustiveness 64
Using random seed: 1707430304

0%   10   20   30   40   50   60   70   80   90   100%
|----|----|----|----|----|----|----|----|----|----|
***************************************************
 | pose 0 | initial pose not within box

mode |  affinity  |    CNN     |   CNN
     | (kcal/mol) | pose score | affinity
-----+------------+------------+----------
    1       -7.78       0.7371      6.498
    2       -7.91       0.7281      6.377
    3       -8.07       0.7014      6.505
    4       -8.45       0.6598      6.475
    5       -8.37       0.6176      6.410
    6       -8.13       0.5544      6.489
    7       -7.43       0.5459      6.169
    8       -7.50       0.5173      6.228
    9       -8.09       0.5030      6.429
Done
Wed Feb  5 03:34:17 EST 2025


PS:

Read file <docking_log.err> for stderr output of this job.

