Sender: LSF System <lsfadmin@lt11>
Subject: Job 12014600: <run_asap> in cluster <lila> Done

Job <run_asap> was submitted from host <lilac-ln02> by user <sheen> in cluster <lila> at Wed Feb  5 03:10:43 2025
Job was executed on host(s) <lt11>, in queue <gpuqueue>, as user <sheen> in cluster <lila> at Wed Feb  5 03:57:17 2025
</home/sheen> was used as the home directory.
</lila/data/chodera/asap-restricted/POLARIS/asap-polaris-challenge-baselines/POSES/direct-docking-GNINA/input_folders/ligand_189> was used as the working directory.
Started at Wed Feb  5 03:57:17 2025
Terminated at Wed Feb  5 04:39:58 2025
Results reported at Wed Feb  5 04:39:58 2025

Your job looked like:

------------------------------------------------------------
# LSBATCH: User input
#BSUB -J run_asap
#BSUB -q gpuqueue
#BSUB -m lt-gpu
#BSUB -gpu "num=1:j_exclusive=yes:mode=shared"
#BSUB -n 1
#BSUB -W 2:00
#BSUB -oo docking_log.out
#BSUB -eo docking_log.err


source ~/.bashrc
module load cuda/12.2
module load singularity/3.2.0-rc1

cd $LS_SUBCWD
pwd

# network device info
ifconfig
ulimit -c 0

# we're running gnina  master:33846ee   Built Jul 24 2023.
singularity run --nv /data/chodera/shared/apptainers/gnina.sif gnina -r SARS-CoV-2-protein.pdb -l ligand_to_dock.sdf --autobox_ligand SARS-CoV-2-ligand-reference.sdf -o docked_SARS-CoV-2.sdf --exhaustiveness 64

singularity run --nv /data/chodera/shared/apptainers/gnina.sif gnina -r MERS-CoV-protein.pdb -l ligand_to_dock.sdf --autobox_ligand MERS-CoV-ligand-reference.sdf -o docked_MERS-CoV.sdf --exhaustiveness 64

echo Done
date

------------------------------------------------------------

Successfully completed.

Resource usage summary:

    CPU time :                                   2556.10 sec.
    Max Memory :                                 -
    Average Memory :                             -
    Total Requested Memory :                     2.00 GB
    Delta Memory :                               -
    Max Swap :                                   -
    Max Processes :                              5
    Max Threads :                                90
    Run time :                                   2562 sec.
    Turnaround time :                            5355 sec.

The output (if any) follows:

/lila/data/chodera/asap-restricted/POLARIS/asap-polaris-challenge-baselines/POSES/direct-docking-GNINA/input_folders/ligand_189
ens21f1: flags=4163<UP,BROADCAST,RUNNING,MULTICAST>  mtu 9000
        inet 10.230.2.231  netmask 255.255.0.0  broadcast 10.230.255.255
        inet6 fe80::ee0d:9aff:fe97:8dbd  prefixlen 64  scopeid 0x20<link>
        ether ec:0d:9a:97:8d:bd  txqueuelen 1000  (Ethernet)
        RX packets 200743211749  bytes 1734100346312789 (1.5 PiB)
        RX errors 0  dropped 3863  overruns 0  frame 0
        TX packets 46791705321  bytes 145659695041036 (132.4 TiB)
        TX errors 0  dropped 0 overruns 0  carrier 0  collisions 0

lo: flags=73<UP,LOOPBACK,RUNNING>  mtu 65536
        inet 127.0.0.1  netmask 255.0.0.0
        inet6 ::1  prefixlen 128  scopeid 0x10<host>
        loop  txqueuelen 1000  (Local Loopback)
        RX packets 983222845  bytes 7046952116216 (6.4 TiB)
        RX errors 0  dropped 0  overruns 0  frame 0
        TX packets 983222845  bytes 7046952116216 (6.4 TiB)
        TX errors 0  dropped 0 overruns 0  carrier 0  collisions 0

              _             
             (_)            
   __ _ _ __  _ _ __   __ _ 
  / _` | '_ \| | '_ \ / _` |
 | (_| | | | | | | | | (_| |
  \__, |_| |_|_|_| |_|\__,_|
   __/ |                    
  |___/                     

gnina  master:33846ee   Built Jul 24 2023.
gnina is based on smina and AutoDock Vina.
Please cite appropriately.

Commandline: gnina -r SARS-CoV-2-protein.pdb -l ligand_to_dock.sdf --autobox_ligand SARS-CoV-2-ligand-reference.sdf -o docked_SARS-CoV-2.sdf --exhaustiveness 64
Using random seed: -994361028

0%   10   20   30   40   50   60   70   80   90   100%
|----|----|----|----|----|----|----|----|----|----|
***************************************************
 | pose 0 | initial pose not within box

mode |  affinity  |    CNN     |   CNN
     | (kcal/mol) | pose score | affinity
-----+------------+------------+----------
    1       -7.37       0.7456      7.063
    2       -7.06       0.4729      6.741
    3       -7.24       0.4100      6.677
    4       -7.02       0.3561      6.545
    5       -7.85       0.3172      6.510
    6       -7.31       0.2817      6.471
    7       -7.15       0.2648      6.487
    8       -7.44       0.2485      6.613
    9       -6.56       0.2378      6.353
              _             
             (_)            
   __ _ _ __  _ _ __   __ _ 
  / _` | '_ \| | '_ \ / _` |
 | (_| | | | | | | | | (_| |
  \__, |_| |_|_|_| |_|\__,_|
   __/ |                    
  |___/                     

gnina  master:33846ee   Built Jul 24 2023.
gnina is based on smina and AutoDock Vina.
Please cite appropriately.

Commandline: gnina -r MERS-CoV-protein.pdb -l ligand_to_dock.sdf --autobox_ligand MERS-CoV-ligand-reference.sdf -o docked_MERS-CoV.sdf --exhaustiveness 64
Using random seed: 1267990506

0%   10   20   30   40   50   60   70   80   90   100%
|----|----|----|----|----|----|----|----|----|----|
***************************************************
 | pose 0 | initial pose not within box

mode |  affinity  |    CNN     |   CNN
     | (kcal/mol) | pose score | affinity
-----+------------+------------+----------
    1       -8.90       0.4732      7.012
    2       -8.44       0.4171      6.935
    3       -7.32       0.3964      6.899
    4       -8.62       0.3835      6.966
    5       -7.29       0.2826      6.379
    6       -8.95       0.2808      6.742
    7       -7.89       0.2708      6.786
    8       -7.93       0.2699      6.823
    9       -7.40       0.2565      6.733
Done
Wed Feb  5 04:39:58 EST 2025


PS:

Read file <docking_log.err> for stderr output of this job.

