Sender: LSF System <lsfadmin@lt03>
Subject: Job 12014542: <run_asap> in cluster <lila> Done

Job <run_asap> was submitted from host <lilac-ln02> by user <sheen> in cluster <lila> at Wed Feb  5 03:10:39 2025
Job was executed on host(s) <lt03>, in queue <gpuqueue>, as user <sheen> in cluster <lila> at Wed Feb  5 03:33:53 2025
</home/sheen> was used as the home directory.
</lila/data/chodera/asap-restricted/POLARIS/asap-polaris-challenge-baselines/POSES/direct-docking-GNINA/input_folders/ligand_136> was used as the working directory.
Started at Wed Feb  5 03:33:53 2025
Terminated at Wed Feb  5 03:54:37 2025
Results reported at Wed Feb  5 03:54:37 2025

Your job looked like:

------------------------------------------------------------
# LSBATCH: User input
#BSUB -J run_asap
#BSUB -q gpuqueue
#BSUB -m lt-gpu
#BSUB -gpu "num=1:j_exclusive=yes:mode=shared"
#BSUB -n 1
#BSUB -W 2:00
#BSUB -oo docking_log.out
#BSUB -eo docking_log.err


source ~/.bashrc
module load cuda/12.2
module load singularity/3.2.0-rc1

cd $LS_SUBCWD
pwd

# network device info
ifconfig
ulimit -c 0

# we're running gnina  master:33846ee   Built Jul 24 2023.
singularity run --nv /data/chodera/shared/apptainers/gnina.sif gnina -r SARS-CoV-2-protein.pdb -l ligand_to_dock.sdf --autobox_ligand SARS-CoV-2-ligand-reference.sdf -o docked_SARS-CoV-2.sdf --exhaustiveness 64

singularity run --nv /data/chodera/shared/apptainers/gnina.sif gnina -r MERS-CoV-protein.pdb -l ligand_to_dock.sdf --autobox_ligand MERS-CoV-ligand-reference.sdf -o docked_MERS-CoV.sdf --exhaustiveness 64

echo Done
date

------------------------------------------------------------

Successfully completed.

Resource usage summary:

    CPU time :                                   1242.39 sec.
    Max Memory :                                 -
    Average Memory :                             -
    Total Requested Memory :                     2.00 GB
    Delta Memory :                               -
    Max Swap :                                   -
    Max Processes :                              5
    Max Threads :                                90
    Run time :                                   1245 sec.
    Turnaround time :                            2638 sec.

The output (if any) follows:

/lila/data/chodera/asap-restricted/POLARIS/asap-polaris-challenge-baselines/POSES/direct-docking-GNINA/input_folders/ligand_136
ens21f1: flags=4163<UP,BROADCAST,RUNNING,MULTICAST>  mtu 9000
        inet 10.230.2.223  netmask 255.255.0.0  broadcast 10.230.255.255
        inet6 fe80::526b:4bff:fe39:6f7b  prefixlen 64  scopeid 0x20<link>
        ether 50:6b:4b:39:6f:7b  txqueuelen 1000  (Ethernet)
        RX packets 214453439347  bytes 1766572236820454 (1.5 PiB)
        RX errors 0  dropped 3991  overruns 0  frame 0
        TX packets 61666519532  bytes 161238994584348 (146.6 TiB)
        TX errors 0  dropped 0 overruns 0  carrier 0  collisions 0

lo: flags=73<UP,LOOPBACK,RUNNING>  mtu 65536
        inet 127.0.0.1  netmask 255.0.0.0
        inet6 ::1  prefixlen 128  scopeid 0x10<host>
        loop  txqueuelen 1000  (Local Loopback)
        RX packets 807122783  bytes 1981860972432 (1.8 TiB)
        RX errors 0  dropped 0  overruns 0  frame 0
        TX packets 807122783  bytes 1981860972432 (1.8 TiB)
        TX errors 0  dropped 0 overruns 0  carrier 0  collisions 0

              _             
             (_)            
   __ _ _ __  _ _ __   __ _ 
  / _` | '_ \| | '_ \ / _` |
 | (_| | | | | | | | | (_| |
  \__, |_| |_|_|_| |_|\__,_|
   __/ |                    
  |___/                     

gnina  master:33846ee   Built Jul 24 2023.
gnina is based on smina and AutoDock Vina.
Please cite appropriately.

Commandline: gnina -r SARS-CoV-2-protein.pdb -l ligand_to_dock.sdf --autobox_ligand SARS-CoV-2-ligand-reference.sdf -o docked_SARS-CoV-2.sdf --exhaustiveness 64
Using random seed: 2136228422

0%   10   20   30   40   50   60   70   80   90   100%
|----|----|----|----|----|----|----|----|----|----|
***************************************************
 | pose 0 | initial pose not within box

mode |  affinity  |    CNN     |   CNN
     | (kcal/mol) | pose score | affinity
-----+------------+------------+----------
    1       -8.74       0.8631      7.110
    2       -8.02       0.4713      6.391
    3       -8.29       0.4527      6.393
    4       -8.18       0.4148      6.254
    5       -8.22       0.4015      6.349
    6       -7.40       0.3736      6.256
    7       -7.70       0.3720      6.404
    8       -8.56       0.3115      6.124
    9       -8.58       0.2300      6.087
              _             
             (_)            
   __ _ _ __  _ _ __   __ _ 
  / _` | '_ \| | '_ \ / _` |
 | (_| | | | | | | | | (_| |
  \__, |_| |_|_|_| |_|\__,_|
   __/ |                    
  |___/                     

gnina  master:33846ee   Built Jul 24 2023.
gnina is based on smina and AutoDock Vina.
Please cite appropriately.

Commandline: gnina -r MERS-CoV-protein.pdb -l ligand_to_dock.sdf --autobox_ligand MERS-CoV-ligand-reference.sdf -o docked_MERS-CoV.sdf --exhaustiveness 64
Using random seed: -99402576

0%   10   20   30   40   50   60   70   80   90   100%
|----|----|----|----|----|----|----|----|----|----|
***************************************************
 | pose 0 | initial pose not within box
 | pose 0 | ligand outside box
 | pose 0 | ligand outside box
 | pose 0 | ligand outside box
 | pose 0 | ligand outside box

mode |  affinity  |    CNN     |   CNN
     | (kcal/mol) | pose score | affinity
-----+------------+------------+----------
    1       -8.97       0.8637      7.464
    2       -8.55       0.7295      7.029
    3       -7.72       0.6202      6.649
    4       -8.34       0.5517      7.065
    5       -8.16       0.5199      6.703
    6       -7.83       0.5145      6.622
    7       -7.98       0.5060      6.563
    8       -7.83       0.4667      6.444
    9       -8.09       0.4606      6.617
Done
Wed Feb  5 03:54:36 EST 2025


PS:

Read file <docking_log.err> for stderr output of this job.

