Sender: LSF System <lsfadmin@lt17>
Subject: Job 12014616: <run_asap> in cluster <lila> Done

Job <run_asap> was submitted from host <lilac-ln02> by user <sheen> in cluster <lila> at Wed Feb  5 03:10:44 2025
Job was executed on host(s) <lt17>, in queue <gpuqueue>, as user <sheen> in cluster <lila> at Wed Feb  5 04:00:31 2025
</home/sheen> was used as the home directory.
</lila/data/chodera/asap-restricted/POLARIS/asap-polaris-challenge-baselines/POSES/direct-docking-GNINA/input_folders/ligand_27> was used as the working directory.
Started at Wed Feb  5 04:00:31 2025
Terminated at Wed Feb  5 04:41:58 2025
Results reported at Wed Feb  5 04:41:58 2025

Your job looked like:

------------------------------------------------------------
# LSBATCH: User input
#BSUB -J run_asap
#BSUB -q gpuqueue
#BSUB -m lt-gpu
#BSUB -gpu "num=1:j_exclusive=yes:mode=shared"
#BSUB -n 1
#BSUB -W 2:00
#BSUB -oo docking_log.out
#BSUB -eo docking_log.err


source ~/.bashrc
module load cuda/12.2
module load singularity/3.2.0-rc1

cd $LS_SUBCWD
pwd

# network device info
ifconfig
ulimit -c 0

# we're running gnina  master:33846ee   Built Jul 24 2023.
singularity run --nv /data/chodera/shared/apptainers/gnina.sif gnina -r SARS-CoV-2-protein.pdb -l ligand_to_dock.sdf --autobox_ligand SARS-CoV-2-ligand-reference.sdf -o docked_SARS-CoV-2.sdf --exhaustiveness 64

singularity run --nv /data/chodera/shared/apptainers/gnina.sif gnina -r MERS-CoV-protein.pdb -l ligand_to_dock.sdf --autobox_ligand MERS-CoV-ligand-reference.sdf -o docked_MERS-CoV.sdf --exhaustiveness 64

echo Done
date

------------------------------------------------------------

Successfully completed.

Resource usage summary:

    CPU time :                                   2484.94 sec.
    Max Memory :                                 -
    Average Memory :                             -
    Total Requested Memory :                     2.00 GB
    Delta Memory :                               -
    Max Swap :                                   -
    Max Processes :                              5
    Max Threads :                                90
    Run time :                                   2488 sec.
    Turnaround time :                            5474 sec.

The output (if any) follows:

/lila/data/chodera/asap-restricted/POLARIS/asap-polaris-challenge-baselines/POSES/direct-docking-GNINA/input_folders/ligand_27
ens21f1: flags=4163<UP,BROADCAST,RUNNING,MULTICAST>  mtu 9000
        inet 10.230.2.237  netmask 255.255.0.0  broadcast 10.230.255.255
        inet6 fe80::ee0d:9aff:fe97:8ac5  prefixlen 64  scopeid 0x20<link>
        ether ec:0d:9a:97:8a:c5  txqueuelen 1000  (Ethernet)
        RX packets 240780812695  bytes 2125489901371817 (1.8 PiB)
        RX errors 0  dropped 3863  overruns 0  frame 0
        TX packets 40724835612  bytes 90361938915738 (82.1 TiB)
        TX errors 0  dropped 0 overruns 0  carrier 0  collisions 0

lo: flags=73<UP,LOOPBACK,RUNNING>  mtu 65536
        inet 127.0.0.1  netmask 255.0.0.0
        inet6 ::1  prefixlen 128  scopeid 0x10<host>
        loop  txqueuelen 1000  (Local Loopback)
        RX packets 217164109  bytes 1407618836087 (1.2 TiB)
        RX errors 0  dropped 0  overruns 0  frame 0
        TX packets 217164109  bytes 1407618836087 (1.2 TiB)
        TX errors 0  dropped 0 overruns 0  carrier 0  collisions 0

              _             
             (_)            
   __ _ _ __  _ _ __   __ _ 
  / _` | '_ \| | '_ \ / _` |
 | (_| | | | | | | | | (_| |
  \__, |_| |_|_|_| |_|\__,_|
   __/ |                    
  |___/                     

gnina  master:33846ee   Built Jul 24 2023.
gnina is based on smina and AutoDock Vina.
Please cite appropriately.

Commandline: gnina -r SARS-CoV-2-protein.pdb -l ligand_to_dock.sdf --autobox_ligand SARS-CoV-2-ligand-reference.sdf -o docked_SARS-CoV-2.sdf --exhaustiveness 64
Using random seed: -914552843

0%   10   20   30   40   50   60   70   80   90   100%
|----|----|----|----|----|----|----|----|----|----|
***************************************************
 | pose 0 | initial pose not within box
 | pose 0 | ligand outside box
 | pose 0 | ligand outside box
 | pose 0 | ligand outside box
 | pose 0 | ligand outside box

mode |  affinity  |    CNN     |   CNN
     | (kcal/mol) | pose score | affinity
-----+------------+------------+----------
    1       -7.25       0.7049      6.954
    2       -7.40       0.4192      6.765
    3       -6.95       0.4155      6.772
    4       -7.27       0.4121      6.664
    5       -7.05       0.3355      6.583
    6       -0.24       0.3311      6.283
    7       -7.53       0.3034      6.581
    8       -8.09       0.2651      6.440
    9       -7.60       0.2533      6.371
              _             
             (_)            
   __ _ _ __  _ _ __   __ _ 
  / _` | '_ \| | '_ \ / _` |
 | (_| | | | | | | | | (_| |
  \__, |_| |_|_|_| |_|\__,_|
   __/ |                    
  |___/                     

gnina  master:33846ee   Built Jul 24 2023.
gnina is based on smina and AutoDock Vina.
Please cite appropriately.

Commandline: gnina -r MERS-CoV-protein.pdb -l ligand_to_dock.sdf --autobox_ligand MERS-CoV-ligand-reference.sdf -o docked_MERS-CoV.sdf --exhaustiveness 64
Using random seed: 221985223

0%   10   20   30   40   50   60   70   80   90   100%
|----|----|----|----|----|----|----|----|----|----|
***************************************************
 | pose 0 | initial pose not within box
 | pose 0 | ligand outside box
 | pose 0 | ligand outside box
 | pose 0 | ligand outside box
 | pose 0 | ligand outside box
 | pose 0 | ligand outside box
 | pose 0 | initial pose not within box

mode |  affinity  |    CNN     |   CNN
     | (kcal/mol) | pose score | affinity
-----+------------+------------+----------
    1       -8.93       0.2636      6.783
    2       -8.49       0.2282      6.804
    3       -8.07       0.2221      6.785
    4       -7.82       0.2028      6.360
    5       -7.78       0.1985      6.768
    6       -7.64       0.1807      6.663
    7       -9.02       0.1781      6.703
    8       -7.28       0.1737      6.319
    9       -7.04       0.1609      6.566
Done
Wed Feb  5 04:41:58 EST 2025


PS:

Read file <docking_log.err> for stderr output of this job.

