Sender: LSF System <lsfadmin@lt02>
Subject: Job 12014544: <run_asap> in cluster <lila> Done

Job <run_asap> was submitted from host <lilac-ln02> by user <sheen> in cluster <lila> at Wed Feb  5 03:10:40 2025
Job was executed on host(s) <lt02>, in queue <gpuqueue>, as user <sheen> in cluster <lila> at Wed Feb  5 03:35:15 2025
</home/sheen> was used as the home directory.
</lila/data/chodera/asap-restricted/POLARIS/asap-polaris-challenge-baselines/POSES/direct-docking-GNINA/input_folders/ligand_138> was used as the working directory.
Started at Wed Feb  5 03:35:15 2025
Terminated at Wed Feb  5 04:14:53 2025
Results reported at Wed Feb  5 04:14:53 2025

Your job looked like:

------------------------------------------------------------
# LSBATCH: User input
#BSUB -J run_asap
#BSUB -q gpuqueue
#BSUB -m lt-gpu
#BSUB -gpu "num=1:j_exclusive=yes:mode=shared"
#BSUB -n 1
#BSUB -W 2:00
#BSUB -oo docking_log.out
#BSUB -eo docking_log.err


source ~/.bashrc
module load cuda/12.2
module load singularity/3.2.0-rc1

cd $LS_SUBCWD
pwd

# network device info
ifconfig
ulimit -c 0

# we're running gnina  master:33846ee   Built Jul 24 2023.
singularity run --nv /data/chodera/shared/apptainers/gnina.sif gnina -r SARS-CoV-2-protein.pdb -l ligand_to_dock.sdf --autobox_ligand SARS-CoV-2-ligand-reference.sdf -o docked_SARS-CoV-2.sdf --exhaustiveness 64

singularity run --nv /data/chodera/shared/apptainers/gnina.sif gnina -r MERS-CoV-protein.pdb -l ligand_to_dock.sdf --autobox_ligand MERS-CoV-ligand-reference.sdf -o docked_MERS-CoV.sdf --exhaustiveness 64

echo Done
date

------------------------------------------------------------

Successfully completed.

Resource usage summary:

    CPU time :                                   2372.30 sec.
    Max Memory :                                 -
    Average Memory :                             -
    Total Requested Memory :                     2.00 GB
    Delta Memory :                               -
    Max Swap :                                   -
    Max Processes :                              6
    Max Threads :                                90
    Run time :                                   2379 sec.
    Turnaround time :                            3853 sec.

The output (if any) follows:

/lila/data/chodera/asap-restricted/POLARIS/asap-polaris-challenge-baselines/POSES/direct-docking-GNINA/input_folders/ligand_138
ens21f1: flags=4163<UP,BROADCAST,RUNNING,MULTICAST>  mtu 9000
        inet 10.230.2.222  netmask 255.255.0.0  broadcast 10.230.255.255
        inet6 fe80::526b:4bff:fe38:88f7  prefixlen 64  scopeid 0x20<link>
        ether 50:6b:4b:38:88:f7  txqueuelen 1000  (Ethernet)
        RX packets 153325506862  bytes 1269383173758069 (1.1 PiB)
        RX errors 0  dropped 3991  overruns 0  frame 0
        TX packets 51183740013  bytes 162129506881132 (147.4 TiB)
        TX errors 0  dropped 0 overruns 0  carrier 0  collisions 0

lo: flags=73<UP,LOOPBACK,RUNNING>  mtu 65536
        inet 127.0.0.1  netmask 255.0.0.0
        inet6 ::1  prefixlen 128  scopeid 0x10<host>
        loop  txqueuelen 1000  (Local Loopback)
        RX packets 870196426  bytes 1072777796285 (999.1 GiB)
        RX errors 0  dropped 0  overruns 0  frame 0
        TX packets 870196426  bytes 1072777796285 (999.1 GiB)
        TX errors 0  dropped 0 overruns 0  carrier 0  collisions 0

              _             
             (_)            
   __ _ _ __  _ _ __   __ _ 
  / _` | '_ \| | '_ \ / _` |
 | (_| | | | | | | | | (_| |
  \__, |_| |_|_|_| |_|\__,_|
   __/ |                    
  |___/                     

gnina  master:33846ee   Built Jul 24 2023.
gnina is based on smina and AutoDock Vina.
Please cite appropriately.

Commandline: gnina -r SARS-CoV-2-protein.pdb -l ligand_to_dock.sdf --autobox_ligand SARS-CoV-2-ligand-reference.sdf -o docked_SARS-CoV-2.sdf --exhaustiveness 64
Using random seed: -557241360

0%   10   20   30   40   50   60   70   80   90   100%
|----|----|----|----|----|----|----|----|----|----|
***************************************************
 | pose 0 | initial pose not within box

mode |  affinity  |    CNN     |   CNN
     | (kcal/mol) | pose score | affinity
-----+------------+------------+----------
    1       -8.27       0.6976      6.836
    2       -8.46       0.5931      6.602
    3       -8.12       0.5545      6.614
    4       -8.96       0.4275      6.610
    5       -8.44       0.3348      6.558
    6       -7.96       0.3064      6.249
    7       -7.89       0.2570      6.163
    8       -8.06       0.2371      6.164
    9       -8.78       0.2215      6.357
              _             
             (_)            
   __ _ _ __  _ _ __   __ _ 
  / _` | '_ \| | '_ \ / _` |
 | (_| | | | | | | | | (_| |
  \__, |_| |_|_|_| |_|\__,_|
   __/ |                    
  |___/                     

gnina  master:33846ee   Built Jul 24 2023.
gnina is based on smina and AutoDock Vina.
Please cite appropriately.

Commandline: gnina -r MERS-CoV-protein.pdb -l ligand_to_dock.sdf --autobox_ligand MERS-CoV-ligand-reference.sdf -o docked_MERS-CoV.sdf --exhaustiveness 64
Using random seed: -1302766496

0%   10   20   30   40   50   60   70   80   90   100%
|----|----|----|----|----|----|----|----|----|----|
***************************************************
 | pose 0 | initial pose not within box

mode |  affinity  |    CNN     |   CNN
     | (kcal/mol) | pose score | affinity
-----+------------+------------+----------
    1       -8.64       0.8124      7.180
    2       -9.42       0.6836      7.238
    3       -7.95       0.6546      6.699
    4       -8.35       0.6504      6.744
    5       -7.63       0.5171      6.947
    6       -8.85       0.4944      6.829
    7       -8.89       0.4593      7.075
    8       -8.12       0.4481      6.905
    9       -8.05       0.4374      6.550
Done
Wed Feb  5 04:14:52 EST 2025


PS:

Read file <docking_log.err> for stderr output of this job.

