Sender: LSF System <lsfadmin@lt14>
Subject: Job 12014508: <run_asap> in cluster <lila> Done

Job <run_asap> was submitted from host <lilac-ln02> by user <sheen> in cluster <lila> at Wed Feb  5 03:10:37 2025
Job was executed on host(s) <lt14>, in queue <gpuqueue>, as user <sheen> in cluster <lila> at Wed Feb  5 03:10:39 2025
</home/sheen> was used as the home directory.
</lila/data/chodera/asap-restricted/POLARIS/asap-polaris-challenge-baselines/POSES/direct-docking-GNINA/input_folders/ligand_105> was used as the working directory.
Started at Wed Feb  5 03:10:39 2025
Terminated at Wed Feb  5 03:45:30 2025
Results reported at Wed Feb  5 03:45:30 2025

Your job looked like:

------------------------------------------------------------
# LSBATCH: User input
#BSUB -J run_asap
#BSUB -q gpuqueue
#BSUB -m lt-gpu
#BSUB -gpu "num=1:j_exclusive=yes:mode=shared"
#BSUB -n 1
#BSUB -W 2:00
#BSUB -oo docking_log.out
#BSUB -eo docking_log.err


source ~/.bashrc
module load cuda/12.2
module load singularity/3.2.0-rc1

cd $LS_SUBCWD
pwd

# network device info
ifconfig
ulimit -c 0

# we're running gnina  master:33846ee   Built Jul 24 2023.
singularity run --nv /data/chodera/shared/apptainers/gnina.sif gnina -r SARS-CoV-2-protein.pdb -l ligand_to_dock.sdf --autobox_ligand SARS-CoV-2-ligand-reference.sdf -o docked_SARS-CoV-2.sdf --exhaustiveness 64

singularity run --nv /data/chodera/shared/apptainers/gnina.sif gnina -r MERS-CoV-protein.pdb -l ligand_to_dock.sdf --autobox_ligand MERS-CoV-ligand-reference.sdf -o docked_MERS-CoV.sdf --exhaustiveness 64

echo Done
date

------------------------------------------------------------

Successfully completed.

Resource usage summary:

    CPU time :                                   2060.24 sec.
    Max Memory :                                 1 GB
    Average Memory :                             0.31 GB
    Total Requested Memory :                     2.00 GB
    Delta Memory :                               1.00 GB
    Max Swap :                                   -
    Max Processes :                              5
    Max Threads :                                87
    Run time :                                   2093 sec.
    Turnaround time :                            2093 sec.

The output (if any) follows:

/lila/data/chodera/asap-restricted/POLARIS/asap-polaris-challenge-baselines/POSES/direct-docking-GNINA/input_folders/ligand_105
ens11f1: flags=4163<UP,BROADCAST,RUNNING,MULTICAST>  mtu 9000
        inet 10.230.2.234  netmask 255.255.0.0  broadcast 10.230.255.255
        inet6 fe80::ee0d:9aff:fe97:8dc1  prefixlen 64  scopeid 0x20<link>
        ether ec:0d:9a:97:8d:c1  txqueuelen 1000  (Ethernet)
        RX packets 128525054999  bytes 1120620464084116 (1019.1 TiB)
        RX errors 0  dropped 3991  overruns 0  frame 0
        TX packets 29609148590  bytes 108778460585726 (98.9 TiB)
        TX errors 0  dropped 0 overruns 0  carrier 0  collisions 0

lo: flags=73<UP,LOOPBACK,RUNNING>  mtu 65536
        inet 127.0.0.1  netmask 255.0.0.0
        inet6 ::1  prefixlen 128  scopeid 0x10<host>
        loop  txqueuelen 1000  (Local Loopback)
        RX packets 650488139  bytes 259692520414 (241.8 GiB)
        RX errors 0  dropped 0  overruns 0  frame 0
        TX packets 650488139  bytes 259692520414 (241.8 GiB)
        TX errors 0  dropped 0 overruns 0  carrier 0  collisions 0

              _             
             (_)            
   __ _ _ __  _ _ __   __ _ 
  / _` | '_ \| | '_ \ / _` |
 | (_| | | | | | | | | (_| |
  \__, |_| |_|_|_| |_|\__,_|
   __/ |                    
  |___/                     

gnina  master:33846ee   Built Jul 24 2023.
gnina is based on smina and AutoDock Vina.
Please cite appropriately.

WARNING: No GPU detected. CNN scoring will be slow.
Recommend running with single model (--cnn crossdock_default2018)
or without cnn scoring (--cnn_scoring=none).

Commandline: gnina -r SARS-CoV-2-protein.pdb -l ligand_to_dock.sdf --autobox_ligand SARS-CoV-2-ligand-reference.sdf -o docked_SARS-CoV-2.sdf --exhaustiveness 64
Using random seed: 522236064

0%   10   20   30   40   50   60   70   80   90   100%
|----|----|----|----|----|----|----|----|----|----|
***************************************************
 | pose 0 | initial pose not within box

mode |  affinity  |    CNN     |   CNN
     | (kcal/mol) | pose score | affinity
-----+------------+------------+----------
    1       -7.44       0.6777      6.571
    2       -7.34       0.5348      6.446
    3       -7.14       0.5018      6.436
    4       -6.96       0.4077      6.324
    5       -7.21       0.3833      6.254
    6       -7.83       0.3633      6.340
    7       -8.97       0.3151      6.131
    8       -7.88       0.3084      6.156
    9       -7.77       0.2856      5.928
              _             
             (_)            
   __ _ _ __  _ _ __   __ _ 
  / _` | '_ \| | '_ \ / _` |
 | (_| | | | | | | | | (_| |
  \__, |_| |_|_|_| |_|\__,_|
   __/ |                    
  |___/                     

gnina  master:33846ee   Built Jul 24 2023.
gnina is based on smina and AutoDock Vina.
Please cite appropriately.

WARNING: No GPU detected. CNN scoring will be slow.
Recommend running with single model (--cnn crossdock_default2018)
or without cnn scoring (--cnn_scoring=none).

Commandline: gnina -r MERS-CoV-protein.pdb -l ligand_to_dock.sdf --autobox_ligand MERS-CoV-ligand-reference.sdf -o docked_MERS-CoV.sdf --exhaustiveness 64
Using random seed: 1891667552

0%   10   20   30   40   50   60   70   80   90   100%
|----|----|----|----|----|----|----|----|----|----|
***************************************************
 | pose 0 | initial pose not within box

mode |  affinity  |    CNN     |   CNN
     | (kcal/mol) | pose score | affinity
-----+------------+------------+----------
    1       -7.53       0.4977      6.647
    2       -7.91       0.3835      6.457
    3       -7.93       0.3753      6.535
    4       -7.67       0.3640      6.458
    5       -7.09       0.3139      6.306
    6       -7.50       0.2998      6.307
    7       -8.11       0.2966      6.435
    8       -8.20       0.2819      6.392
    9       -8.39       0.2344      6.370
Done
Wed Feb  5 03:45:29 EST 2025


PS:

Read file <docking_log.err> for stderr output of this job.

