Sender: LSF System <lsfadmin@lt20>
Subject: Job 12014692: <run_asap> in cluster <lila> Done

Job <run_asap> was submitted from host <lilac-ln02> by user <sheen> in cluster <lila> at Wed Feb  5 03:10:49 2025
Job was executed on host(s) <lt20>, in queue <gpuqueue>, as user <sheen> in cluster <lila> at Wed Feb  5 04:34:45 2025
</home/sheen> was used as the home directory.
</lila/data/chodera/asap-restricted/POLARIS/asap-polaris-challenge-baselines/POSES/direct-docking-GNINA/input_folders/ligand_93> was used as the working directory.
Started at Wed Feb  5 04:34:45 2025
Terminated at Wed Feb  5 04:58:12 2025
Results reported at Wed Feb  5 04:58:12 2025

Your job looked like:

------------------------------------------------------------
# LSBATCH: User input
#BSUB -J run_asap
#BSUB -q gpuqueue
#BSUB -m lt-gpu
#BSUB -gpu "num=1:j_exclusive=yes:mode=shared"
#BSUB -n 1
#BSUB -W 2:00
#BSUB -oo docking_log.out
#BSUB -eo docking_log.err


source ~/.bashrc
module load cuda/12.2
module load singularity/3.2.0-rc1

cd $LS_SUBCWD
pwd

# network device info
ifconfig
ulimit -c 0

# we're running gnina  master:33846ee   Built Jul 24 2023.
singularity run --nv /data/chodera/shared/apptainers/gnina.sif gnina -r SARS-CoV-2-protein.pdb -l ligand_to_dock.sdf --autobox_ligand SARS-CoV-2-ligand-reference.sdf -o docked_SARS-CoV-2.sdf --exhaustiveness 64

singularity run --nv /data/chodera/shared/apptainers/gnina.sif gnina -r MERS-CoV-protein.pdb -l ligand_to_dock.sdf --autobox_ligand MERS-CoV-ligand-reference.sdf -o docked_MERS-CoV.sdf --exhaustiveness 64

echo Done
date

------------------------------------------------------------

Successfully completed.

Resource usage summary:

    CPU time :                                   1406.36 sec.
    Max Memory :                                 -
    Average Memory :                             -
    Total Requested Memory :                     2.00 GB
    Delta Memory :                               -
    Max Swap :                                   -
    Max Processes :                              5
    Max Threads :                                90
    Run time :                                   1408 sec.
    Turnaround time :                            6443 sec.

The output (if any) follows:

/lila/data/chodera/asap-restricted/POLARIS/asap-polaris-challenge-baselines/POSES/direct-docking-GNINA/input_folders/ligand_93
ens21f1: flags=4163<UP,BROADCAST,RUNNING,MULTICAST>  mtu 9000
        inet 10.230.2.240  netmask 255.255.0.0  broadcast 10.230.255.255
        inet6 fe80::ee0d:9aff:fe97:8e71  prefixlen 64  scopeid 0x20<link>
        ether ec:0d:9a:97:8e:71  txqueuelen 1000  (Ethernet)
        RX packets 249690213115  bytes 2164963054969163 (1.9 PiB)
        RX errors 0  dropped 3863  overruns 0  frame 0
        TX packets 59489964507  bytes 163992115093210 (149.1 TiB)
        TX errors 0  dropped 0 overruns 0  carrier 0  collisions 0

lo: flags=73<UP,LOOPBACK,RUNNING>  mtu 65536
        inet 127.0.0.1  netmask 255.0.0.0
        inet6 ::1  prefixlen 128  scopeid 0x10<host>
        loop  txqueuelen 1000  (Local Loopback)
        RX packets 4170965006  bytes 744611935385 (693.4 GiB)
        RX errors 0  dropped 0  overruns 0  frame 0
        TX packets 4170965006  bytes 744611935385 (693.4 GiB)
        TX errors 0  dropped 0 overruns 0  carrier 0  collisions 0

              _             
             (_)            
   __ _ _ __  _ _ __   __ _ 
  / _` | '_ \| | '_ \ / _` |
 | (_| | | | | | | | | (_| |
  \__, |_| |_|_|_| |_|\__,_|
   __/ |                    
  |___/                     

gnina  master:33846ee   Built Jul 24 2023.
gnina is based on smina and AutoDock Vina.
Please cite appropriately.

Commandline: gnina -r SARS-CoV-2-protein.pdb -l ligand_to_dock.sdf --autobox_ligand SARS-CoV-2-ligand-reference.sdf -o docked_SARS-CoV-2.sdf --exhaustiveness 64
Using random seed: -415444982

0%   10   20   30   40   50   60   70   80   90   100%
|----|----|----|----|----|----|----|----|----|----|
***************************************************
 | pose 0 | initial pose not within box
 | pose 0 | ligand outside box
 | pose 0 | ligand outside box
 | pose 0 | ligand outside box
 | pose 0 | ligand outside box

mode |  affinity  |    CNN     |   CNN
     | (kcal/mol) | pose score | affinity
-----+------------+------------+----------
    1       -7.46       0.6924      6.764
    2       -2.27       0.4210      5.954
    3       -7.19       0.3920      6.485
    4       -7.84       0.3853      6.491
    5       -7.24       0.3572      6.321
    6       -7.68       0.3464      6.624
    7       -7.43       0.3209      6.268
    8       -7.03       0.2908      6.353
    9       -7.03       0.2784      6.455
              _             
             (_)            
   __ _ _ __  _ _ __   __ _ 
  / _` | '_ \| | '_ \ / _` |
 | (_| | | | | | | | | (_| |
  \__, |_| |_|_|_| |_|\__,_|
   __/ |                    
  |___/                     

gnina  master:33846ee   Built Jul 24 2023.
gnina is based on smina and AutoDock Vina.
Please cite appropriately.

Commandline: gnina -r MERS-CoV-protein.pdb -l ligand_to_dock.sdf --autobox_ligand MERS-CoV-ligand-reference.sdf -o docked_MERS-CoV.sdf --exhaustiveness 64
Using random seed: 172133250

0%   10   20   30   40   50   60   70   80   90   100%
|----|----|----|----|----|----|----|----|----|----|
***************************************************
 | pose 0 | initial pose not within box

mode |  affinity  |    CNN     |   CNN
     | (kcal/mol) | pose score | affinity
-----+------------+------------+----------
    1       -7.34       0.4534      6.618
    2       -7.52       0.3589      6.721
    3       -7.85       0.3550      6.412
    4       -7.40       0.3261      6.468
    5       -7.92       0.2808      6.414
    6       -7.73       0.2742      6.654
    7       -7.66       0.2516      5.990
    8       -6.99       0.2451      6.418
    9       -7.31       0.2416      6.768
Done
Wed Feb  5 04:58:12 EST 2025


PS:

Read file <docking_log.err> for stderr output of this job.

