Sender: LSF System <lsfadmin@lt06>
Subject: Job 12014659: <run_asap> in cluster <lila> Done

Job <run_asap> was submitted from host <lilac-ln02> by user <sheen> in cluster <lila> at Wed Feb  5 03:10:47 2025
Job was executed on host(s) <lt06>, in queue <gpuqueue>, as user <sheen> in cluster <lila> at Wed Feb  5 04:18:59 2025
</home/sheen> was used as the home directory.
</lila/data/chodera/asap-restricted/POLARIS/asap-polaris-challenge-baselines/POSES/direct-docking-GNINA/input_folders/ligand_64> was used as the working directory.
Started at Wed Feb  5 04:18:59 2025
Terminated at Wed Feb  5 04:44:47 2025
Results reported at Wed Feb  5 04:44:47 2025

Your job looked like:

------------------------------------------------------------
# LSBATCH: User input
#BSUB -J run_asap
#BSUB -q gpuqueue
#BSUB -m lt-gpu
#BSUB -gpu "num=1:j_exclusive=yes:mode=shared"
#BSUB -n 1
#BSUB -W 2:00
#BSUB -oo docking_log.out
#BSUB -eo docking_log.err


source ~/.bashrc
module load cuda/12.2
module load singularity/3.2.0-rc1

cd $LS_SUBCWD
pwd

# network device info
ifconfig
ulimit -c 0

# we're running gnina  master:33846ee   Built Jul 24 2023.
singularity run --nv /data/chodera/shared/apptainers/gnina.sif gnina -r SARS-CoV-2-protein.pdb -l ligand_to_dock.sdf --autobox_ligand SARS-CoV-2-ligand-reference.sdf -o docked_SARS-CoV-2.sdf --exhaustiveness 64

singularity run --nv /data/chodera/shared/apptainers/gnina.sif gnina -r MERS-CoV-protein.pdb -l ligand_to_dock.sdf --autobox_ligand MERS-CoV-ligand-reference.sdf -o docked_MERS-CoV.sdf --exhaustiveness 64

echo Done
date

------------------------------------------------------------

Successfully completed.

Resource usage summary:

    CPU time :                                   1546.31 sec.
    Max Memory :                                 -
    Average Memory :                             -
    Total Requested Memory :                     2.00 GB
    Delta Memory :                               -
    Max Swap :                                   -
    Max Processes :                              5
    Max Threads :                                90
    Run time :                                   1547 sec.
    Turnaround time :                            5640 sec.

The output (if any) follows:

/lila/data/chodera/asap-restricted/POLARIS/asap-polaris-challenge-baselines/POSES/direct-docking-GNINA/input_folders/ligand_64
ens21f1: flags=4163<UP,BROADCAST,RUNNING,MULTICAST>  mtu 9000
        inet 10.230.2.226  netmask 255.255.0.0  broadcast 10.230.255.255
        inet6 fe80::526b:4bff:fe39:701b  prefixlen 64  scopeid 0x20<link>
        ether 50:6b:4b:39:70:1b  txqueuelen 1000  (Ethernet)
        RX packets 245646128205  bytes 1902826744493145 (1.6 PiB)
        RX errors 0  dropped 3991  overruns 0  frame 0
        TX packets 90353495665  bytes 180061634969367 (163.7 TiB)
        TX errors 0  dropped 0 overruns 0  carrier 0  collisions 0

lo: flags=73<UP,LOOPBACK,RUNNING>  mtu 65536
        inet 127.0.0.1  netmask 255.0.0.0
        inet6 ::1  prefixlen 128  scopeid 0x10<host>
        loop  txqueuelen 1000  (Local Loopback)
        RX packets 737321658  bytes 1985093214499 (1.8 TiB)
        RX errors 0  dropped 0  overruns 0  frame 0
        TX packets 737321658  bytes 1985093214499 (1.8 TiB)
        TX errors 0  dropped 0 overruns 0  carrier 0  collisions 0

              _             
             (_)            
   __ _ _ __  _ _ __   __ _ 
  / _` | '_ \| | '_ \ / _` |
 | (_| | | | | | | | | (_| |
  \__, |_| |_|_|_| |_|\__,_|
   __/ |                    
  |___/                     

gnina  master:33846ee   Built Jul 24 2023.
gnina is based on smina and AutoDock Vina.
Please cite appropriately.

Commandline: gnina -r SARS-CoV-2-protein.pdb -l ligand_to_dock.sdf --autobox_ligand SARS-CoV-2-ligand-reference.sdf -o docked_SARS-CoV-2.sdf --exhaustiveness 64
Using random seed: 809495727

0%   10   20   30   40   50   60   70   80   90   100%
|----|----|----|----|----|----|----|----|----|----|
***************************************************
 | pose 0 | initial pose not within box
 | pose 0 | ligand outside box
 | pose 0 | ligand outside box
 | pose 0 | ligand outside box
 | pose 0 | ligand outside box
 | pose 0 | ligand outside box
 | pose 0 | initial pose not within box

mode |  affinity  |    CNN     |   CNN
     | (kcal/mol) | pose score | affinity
-----+------------+------------+----------
    1       -8.54       0.4642      6.575
    2       -9.70       0.3536      6.346
    3       -9.04       0.2762      6.412
    4       -8.13       0.2401      6.478
    5       -7.99       0.1857      6.319
    6       -7.83       0.1813      6.282
    7       -9.21       0.1676      6.333
    8       -8.15       0.1616      6.379
    9       -8.41       0.1504      6.032
              _             
             (_)            
   __ _ _ __  _ _ __   __ _ 
  / _` | '_ \| | '_ \ / _` |
 | (_| | | | | | | | | (_| |
  \__, |_| |_|_|_| |_|\__,_|
   __/ |                    
  |___/                     

gnina  master:33846ee   Built Jul 24 2023.
gnina is based on smina and AutoDock Vina.
Please cite appropriately.

Commandline: gnina -r MERS-CoV-protein.pdb -l ligand_to_dock.sdf --autobox_ligand MERS-CoV-ligand-reference.sdf -o docked_MERS-CoV.sdf --exhaustiveness 64
Using random seed: 563170336

0%   10   20   30   40   50   60   70   80   90   100%
|----|----|----|----|----|----|----|----|----|----|
***************************************************
 | pose 0 | initial pose not within box

mode |  affinity  |    CNN     |   CNN
     | (kcal/mol) | pose score | affinity
-----+------------+------------+----------
    1      -10.21       0.4594      6.854
    2       -9.17       0.3626      6.678
    3      -10.10       0.3262      6.598
    4       -8.31       0.3185      6.670
    5       -8.40       0.3071      6.440
    6       -9.71       0.2977      6.710
    7       -9.72       0.2779      6.774
    8       -8.57       0.2645      6.568
    9      -10.11       0.2567      6.629
Done
Wed Feb  5 04:44:46 EST 2025


PS:

Read file <docking_log.err> for stderr output of this job.

